<?xml version="1.0" encoding="UTF-8"?>
<!-- Generated by org.testng.reporters.JUnitReportReporter -->
<testsuite hostname="VendeasePCsMBP.lan" failures="0" tests="1" name="com.Eprocurement.testcases.VerifyHomepageTitleTest" time="0.066" errors="0" timestamp="2022-09-14T10:46:58 WAT" skipped="0">
  <testcase classname="com.Eprocurement.testcases.VerifyHomepageTitleTest" name="verifyHomepageTitle" time="0.066"/>
  <system-out>
    <![CDATA[Test Starting - verifyHomepageTitle
Status of execution is - 1]]>
  </system-out>
</testsuite> <!-- com.Eprocurement.testcases.VerifyHomepageTitleTest -->
