<?xml version="1.0" encoding="UTF-8"?>
<!-- Generated by org.testng.reporters.JUnitReportReporter -->
<testsuite hostname="Vendease-PCs-MacBook-Pro.local" failures="0" tests="1" name="com.Eprocurement.testcases.VerifyHomepageTitleTest" time="0.305" errors="0" timestamp="2022-09-28T19:14:57 WAT" skipped="0">
  <testcase classname="com.Eprocurement.testcases.VerifyHomepageTitleTest" name="verifyHomepageTitle" time="0.305"/>
  <system-out/>
</testsuite> <!-- com.Eprocurement.testcases.VerifyHomepageTitleTest -->
